build/outputs/logs/manifest-merger-debug-report.txt
-- Merging decision tree log ---
manifest
ADDED from trunk\AndroidTermidorHP\AndroidManifest.xml:2:1-72:12
INJECTED from trunk\AndroidTermidorHP\AndroidManifest.xml:2:1-72:12
INJECTED from trunk\AndroidTermidorHP\AndroidManifest.xml:2:1-72:12
MERGED from [com.google.firebase:firebase-core:11.0.4] AndroidManifest.xml:2:1-6:12
MERGED from [com.google.firebase:firebase-analytics:11.0.4] AndroidManifest.xml:16:1-35:12
MERGED from [com.google.firebase:firebase-analytics-impl:11.0.4] AndroidManifest.xml:16:1-29:12
MERGED from [com.google.firebase:firebase-iid:11.0.4] AndroidManifest.xml:16:1-50:12
MERGED from [com.google.firebase:firebase-common:11.0.4] AndroidManifest.xml:2:1-8:12
MERGED from [com.google.android.gms:play-services-tasks:11.0.4] AndroidManifest.xml:2:1-5:12
MERGED from [com.google.android.gms:play-services-basement:11.0.4] AndroidManifest.xml:16:1-23:12
MERGED from [com.android.support:support-v4:25.2.0] AndroidManifest.xml:17:1-27:12
MERGED from [com.android.support:support-fragment:25.2.0] AndroidManifest.xml:17:1-27:12
MERGED from [com.android.support:support-media-compat:25.2.0] AndroidManifest.xml:17:1-27:12
MERGED from [com.android.support:support-core-utils:25.2.0] AndroidManifest.xml:17:1-27:12
MERGED from [com.android.support:support-core-ui:25.2.0] AndroidManifest.xml:17:1-27:12
MERGED from [com.android.support:support-compat:25.2.0] AndroidManifest.xml:17:1-27:12
INJECTED from trunk\AndroidTermidorHP\AndroidManifest.xml:2:1-72:12
INJECTED from trunk\AndroidTermidorHP\AndroidManifest.xml:2:1-72:12
	package
		ADDED from trunk\AndroidTermidorHP\AndroidManifest.xml:3:7-34
	android:versionName
		ADDED from trunk\AndroidTermidorHP\AndroidManifest.xml:5:7-32
		INJECTED from trunk\AndroidTermidorHP\AndroidManifest.xml
		INJECTED from trunk\AndroidTermidorHP\AndroidManifest.xml
	xmlns:android
		ADDED from trunk\AndroidTermidorHP\AndroidManifest.xml:2:11-69
	android:versionCode
		ADDED from trunk\AndroidTermidorHP\AndroidManifest.xml:4:7-31
		INJECTED from trunk\AndroidTermidorHP\AndroidManifest.xml
		INJECTED from trunk\AndroidTermidorHP\AndroidManifest.xml
uses-sdk
ADDED from trunk\AndroidTermidorHP\AndroidManifest.xml:7:9-9:41
MERGED from [com.google.firebase:firebase-core:11.0.4] AndroidManifest.xml:4:5-43
MERGED from [com.google.firebase:firebase-core:11.0.4] AndroidManifest.xml:4:5-43
MERGED from [com.google.firebase:firebase-analytics:11.0.4] AndroidManifest.xml:17:5-43
MERGED from [com.google.firebase:firebase-analytics:11.0.4] AndroidManifest.xml:17:5-43
MERGED from [com.google.firebase:firebase-analytics-impl:11.0.4] AndroidManifest.xml:17:5-43
MERGED from [com.google.firebase:firebase-analytics-impl:11.0.4] AndroidManifest.xml:17:5-43
MERGED from [com.google.firebase:firebase-iid:11.0.4] AndroidManifest.xml:17:5-43
MERGED from [com.google.firebase:firebase-iid:11.0.4] AndroidManifest.xml:17:5-43
MERGED from [com.google.firebase:firebase-common:11.0.4] AndroidManifest.xml:3:5-43
MERGED from [com.google.firebase:firebase-common:11.0.4] AndroidManifest.xml:3:5-43
MERGED from [com.google.android.gms:play-services-tasks:11.0.4] AndroidManifest.xml:3:5-43
MERGED from [com.google.android.gms:play-services-tasks:11.0.4] AndroidManifest.xml:3:5-43
MERGED from [com.google.android.gms:play-services-basement:11.0.4] AndroidManifest.xml:17:5-43
MERGED from [com.google.android.gms:play-services-basement:11.0.4] AndroidManifest.xml:17:5-43
MERGED from [com.android.support:support-v4:25.2.0] AndroidManifest.xml:21:5-23:54
MERGED from [com.android.support:support-v4:25.2.0] AndroidManifest.xml:21:5-23:54
MERGED from [com.android.support:support-fragment:25.2.0] AndroidManifest.xml:21:5-23:60
MERGED from [com.android.support:support-fragment:25.2.0] AndroidManifest.xml:21:5-23:60
MERGED from [com.android.support:support-media-compat:25.2.0] AndroidManifest.xml:21:5-23:63
MERGED from [com.android.support:support-media-compat:25.2.0] AndroidManifest.xml:21:5-23:63
MERGED from [com.android.support:support-core-utils:25.2.0] AndroidManifest.xml:21:5-23:61
MERGED from [com.android.support:support-core-utils:25.2.0] AndroidManifest.xml:21:5-23:61
MERGED from [com.android.support:support-core-ui:25.2.0] AndroidManifest.xml:21:5-23:58
MERGED from [com.android.support:support-core-ui:25.2.0] AndroidManifest.xml:21:5-23:58
MERGED from [com.android.support:support-compat:25.2.0] AndroidManifest.xml:21:5-23:58
MERGED from [com.android.support:support-compat:25.2.0] AndroidManifest.xml:21:5-23:58
	tools:overrideLibrary
		ADDED from [com.android.support:support-v4:25.2.0] AndroidManifest.xml:23:9-51
	android:targetSdkVersion
		ADDED from trunk\AndroidTermidorHP\AndroidManifest.xml:9:9-38
	android:minSdkVersion
		ADDED from trunk\AndroidTermidorHP\AndroidManifest.xml:8:9-35
uses-permission#android.permission.INTERNET
ADDED from trunk\AndroidTermidorHP\AndroidManifest.xml:10:5-66
MERGED from [com.google.firebase:firebase-analytics:11.0.4] AndroidManifest.xml:20:5-66
MERGED from [com.google.firebase:firebase-analytics:11.0.4] AndroidManifest.xml:20:5-66
MERGED from [com.google.firebase:firebase-analytics-impl:11.0.4] AndroidManifest.xml:20:5-66
MERGED from [com.google.firebase:firebase-analytics-impl:11.0.4] AndroidManifest.xml:20:5-66
MERGED from [com.google.firebase:firebase-iid:11.0.4] AndroidManifest.xml:20:5-66
MERGED from [com.google.firebase:firebase-iid:11.0.4] AndroidManifest.xml:20:5-66
	android:name
		ADDED from trunk\AndroidTermidorHP\AndroidManifest.xml:10:22-64
uses-permission#android.permission.WRITE_EXTERNAL_STORAGE
ADDED from trunk\AndroidTermidorHP\AndroidManifest.xml:11:5-81
	android:name
		ADDED from trunk\AndroidTermidorHP\AndroidManifest.xml:11:22-78
uses-permission#android.permission.BLUETOOTH_ADMIN
ADDED from trunk\AndroidTermidorHP\AndroidManifest.xml:12:5-74
	android:name
		ADDED from trunk\AndroidTermidorHP\AndroidManifest.xml:12:22-71
uses-permission#android.permission.BLUETOOTH
ADDED from trunk\AndroidTermidorHP\AndroidManifest.xml:13:5-68
	android:name
		ADDED from trunk\AndroidTermidorHP\AndroidManifest.xml:13:22-65
uses-permission#android.permission.ACCESS_FINE_LOCATION
ADDED from trunk\AndroidTermidorHP\AndroidManifest.xml:14:5-79
	android:name
		ADDED from trunk\AndroidTermidorHP\AndroidManifest.xml:14:22-76
uses-permission#android.permission.ACCESS_COARSE_LOCATION
ADDED from trunk\AndroidTermidorHP\AndroidManifest.xml:15:5-81
	android:name
		ADDED from trunk\AndroidTermidorHP\AndroidManifest.xml:15:22-78
uses-permission#android.permission.ACCESS_NETWORK_STATE
ADDED from trunk\AndroidTermidorHP\AndroidManifest.xml:16:5-79
MERGED from [com.google.firebase:firebase-analytics:11.0.4] AndroidManifest.xml:21:5-78
MERGED from [com.google.firebase:firebase-analytics:11.0.4] AndroidManifest.xml:21:5-78
MERGED from [com.google.firebase:firebase-analytics-impl:11.0.4] AndroidManifest.xml:21:5-78
MERGED from [com.google.firebase:firebase-analytics-impl:11.0.4] AndroidManifest.xml:21:5-78
MERGED from [com.google.firebase:firebase-iid:11.0.4] AndroidManifest.xml:19:5-78
MERGED from [com.google.firebase:firebase-iid:11.0.4] AndroidManifest.xml:19:5-78
	android:name
		ADDED from trunk\AndroidTermidorHP\AndroidManifest.xml:16:22-76
application
ADDED from trunk\AndroidTermidorHP\AndroidManifest.xml:20:5-71:19
MERGED from [com.google.firebase:firebase-core:11.0.4] AndroidManifest.xml:5:5-20
MERGED from [com.google.firebase:firebase-core:11.0.4] AndroidManifest.xml:5:5-20
MERGED from [com.google.firebase:firebase-analytics:11.0.4] AndroidManifest.xml:24:5-34:19
MERGED from [com.google.firebase:firebase-analytics:11.0.4] AndroidManifest.xml:24:5-34:19
MERGED from [com.google.firebase:firebase-analytics-impl:11.0.4] AndroidManifest.xml:24:5-28:19
MERGED from [com.google.firebase:firebase-analytics-impl:11.0.4] AndroidManifest.xml:24:5-28:19
MERGED from [com.google.firebase:firebase-iid:11.0.4] AndroidManifest.xml:28:5-49:19
MERGED from [com.google.firebase:firebase-iid:11.0.4] AndroidManifest.xml:28:5-49:19
MERGED from [com.google.firebase:firebase-common:11.0.4] AndroidManifest.xml:4:5-7:19
MERGED from [com.google.firebase:firebase-common:11.0.4] AndroidManifest.xml:4:5-7:19
MERGED from [com.google.android.gms:play-services-tasks:11.0.4] AndroidManifest.xml:4:5-19
MERGED from [com.google.android.gms:play-services-tasks:11.0.4] AndroidManifest.xml:4:5-19
MERGED from [com.google.android.gms:play-services-basement:11.0.4] AndroidManifest.xml:19:5-21:19
MERGED from [com.google.android.gms:play-services-basement:11.0.4] AndroidManifest.xml:19:5-21:19
MERGED from [com.android.support:support-v4:25.2.0] AndroidManifest.xml:25:5-20
MERGED from [com.android.support:support-v4:25.2.0] AndroidManifest.xml:25:5-20
MERGED from [com.android.support:support-fragment:25.2.0] AndroidManifest.xml:25:5-20
MERGED from [com.android.support:support-fragment:25.2.0] AndroidManifest.xml:25:5-20
MERGED from [com.android.support:support-media-compat:25.2.0] AndroidManifest.xml:25:5-20
MERGED from [com.android.support:support-media-compat:25.2.0] AndroidManifest.xml:25:5-20
MERGED from [com.android.support:support-core-utils:25.2.0] AndroidManifest.xml:25:5-20
MERGED from [com.android.support:support-core-utils:25.2.0] AndroidManifest.xml:25:5-20
MERGED from [com.android.support:support-core-ui:25.2.0] AndroidManifest.xml:25:5-20
MERGED from [com.android.support:support-core-ui:25.2.0] AndroidManifest.xml:25:5-20
MERGED from [com.android.support:support-compat:25.2.0] AndroidManifest.xml:25:5-20
MERGED from [com.android.support:support-compat:25.2.0] AndroidManifest.xml:25:5-20
	android:label
		ADDED from trunk\AndroidTermidorHP\AndroidManifest.xml:21:18-50
	android:icon
		ADDED from trunk\AndroidTermidorHP\AndroidManifest.xml:23:18-54
	android:theme
		ADDED from trunk\AndroidTermidorHP\AndroidManifest.xml:22:18-49
	android:name
		ADDED from trunk\AndroidTermidorHP\AndroidManifest.xml:20:18-49
activity#com.evanhoe.tango.LoginActivity
ADDED from trunk\AndroidTermidorHP\AndroidManifest.xml:24:9-36:20
	android:screenOrientation
		ADDED from trunk\AndroidTermidorHP\AndroidManifest.xml:27:19-55
	android:label
		ADDED from trunk\AndroidTermidorHP\AndroidManifest.xml:25:19-51
	android:windowSoftInputMode
		ADDED from trunk\AndroidTermidorHP\AndroidManifest.xml:29:13-68
	android:configChanges
		ADDED from trunk\AndroidTermidorHP\AndroidManifest.xml:28:13-63
	android:theme
		ADDED from trunk\AndroidTermidorHP\AndroidManifest.xml:26:19-55
	android:name
		ADDED from trunk\AndroidTermidorHP\AndroidManifest.xml:24:19-47
intent-filter#android.intent.action.MAIN+android.intent.category.LAUNCHER
ADDED from trunk\AndroidTermidorHP\AndroidManifest.xml:32:13-35:29
action#android.intent.action.MAIN
ADDED from trunk\AndroidTermidorHP\AndroidManifest.xml:33:17-69
	android:name
		ADDED from trunk\AndroidTermidorHP\AndroidManifest.xml:33:25-66
category#android.intent.category.LAUNCHER
ADDED from trunk\AndroidTermidorHP\AndroidManifest.xml:34:17-77
	android:name
		ADDED from trunk\AndroidTermidorHP\AndroidManifest.xml:34:27-74
activity#com.evanhoe.tango.WorkOrderListActivity
ADDED from trunk\AndroidTermidorHP\AndroidManifest.xml:37:9-42:20
	android:screenOrientation
		ADDED from trunk\AndroidTermidorHP\AndroidManifest.xml:38:16-52
	android:label
		ADDED from trunk\AndroidTermidorHP\AndroidManifest.xml:40:10-49
	android:configChanges
		ADDED from trunk\AndroidTermidorHP\AndroidManifest.xml:39:10-60
	android:name
		ADDED from trunk\AndroidTermidorHP\AndroidManifest.xml:37:19-55
activity#com.evanhoe.tango.WorkOrderDetailActivity
ADDED from trunk\AndroidTermidorHP\AndroidManifest.xml:43:9-48:20
	android:screenOrientation
		ADDED from trunk\AndroidTermidorHP\AndroidManifest.xml:46:13-49
	android:parentActivityName
		ADDED from trunk\AndroidTermidorHP\AndroidManifest.xml:45:13-64
	android:label
		ADDED from trunk\AndroidTermidorHP\AndroidManifest.xml:44:13-47
	android:configChanges
		ADDED from trunk\AndroidTermidorHP\AndroidManifest.xml:47:7-57
	android:name
		ADDED from trunk\AndroidTermidorHP\AndroidManifest.xml:43:19-57
activity#com.evanhoe.tango.WorkOrderSendActivity
ADDED from trunk\AndroidTermidorHP\AndroidManifest.xml:49:9-54:20
	android:screenOrientation
		ADDED from trunk\AndroidTermidorHP\AndroidManifest.xml:50:16-52
	android:noHistory
		ADDED from trunk\AndroidTermidorHP\AndroidManifest.xml:53:10-34
	android:configChanges
		ADDED from trunk\AndroidTermidorHP\AndroidManifest.xml:51:10-60
	android:theme
		ADDED from trunk\AndroidTermidorHP\AndroidManifest.xml:52:10-49
	android:name
		ADDED from trunk\AndroidTermidorHP\AndroidManifest.xml:49:19-55
activity#com.evanhoe.tango.SettingsActivity
ADDED from trunk\AndroidTermidorHP\AndroidManifest.xml:55:9-59:20
	android:screenOrientation
		ADDED from trunk\AndroidTermidorHP\AndroidManifest.xml:57:13-49
	android:label
		ADDED from trunk\AndroidTermidorHP\AndroidManifest.xml:58:13-45
	android:name
		ADDED from trunk\AndroidTermidorHP\AndroidManifest.xml:56:13-45
activity#com.evanhoe.tango.DisclaimerActivity
ADDED from trunk\AndroidTermidorHP\AndroidManifest.xml:60:9-64:20
	android:screenOrientation
		ADDED from trunk\AndroidTermidorHP\AndroidManifest.xml:62:13-49
	android:label
		ADDED from trunk\AndroidTermidorHP\AndroidManifest.xml:61:13-56
	android:configChanges
		ADDED from trunk\AndroidTermidorHP\AndroidManifest.xml:63:7-57
	android:name
		ADDED from trunk\AndroidTermidorHP\AndroidManifest.xml:60:19-52
activity#com.evanhoe.tango.SupportActivity
ADDED from trunk\AndroidTermidorHP\AndroidManifest.xml:65:17-69:20
	android:screenOrientation
		ADDED from trunk\AndroidTermidorHP\AndroidManifest.xml:67:13-49
	android:label
		ADDED from trunk\AndroidTermidorHP\AndroidManifest.xml:66:13-53
	android:configChanges
		ADDED from trunk\AndroidTermidorHP\AndroidManifest.xml:68:7-57
	android:name
		ADDED from trunk\AndroidTermidorHP\AndroidManifest.xml:65:27-57
activity#net.hockeyapp.android.UpdateActivity
ADDED from trunk\AndroidTermidorHP\AndroidManifest.xml:70:9-73
	android:name
		ADDED from trunk\AndroidTermidorHP\AndroidManifest.xml:70:19-70
uses-permission#android.permission.WAKE_LOCK
ADDED from [com.google.firebase:firebase-analytics:11.0.4] AndroidManifest.xml:22:5-67
MERGED from [com.google.firebase:firebase-analytics-impl:11.0.4] AndroidManifest.xml:22:5-67
MERGED from [com.google.firebase:firebase-analytics-impl:11.0.4] AndroidManifest.xml:22:5-67
MERGED from [com.google.firebase:firebase-iid:11.0.4] AndroidManifest.xml:21:5-67
MERGED from [com.google.firebase:firebase-iid:11.0.4] AndroidManifest.xml:21:5-67
	android:name
		ADDED from [com.google.firebase:firebase-analytics:11.0.4] AndroidManifest.xml:22:22-65
receiver#com.google.android.gms.measurement.AppMeasurementReceiver
ADDED from [com.google.firebase:firebase-analytics:11.0.4] AndroidManifest.xml:25:7-26:18
MERGED from [com.google.firebase:firebase-analytics-impl:11.0.4] AndroidManifest.xml:25:7-26:18
MERGED from [com.google.firebase:firebase-analytics-impl:11.0.4] AndroidManifest.xml:25:7-26:18
	android:enabled
		ADDED from [com.google.firebase:firebase-analytics:11.0.4] AndroidManifest.xml:25:90-112
	android:exported
		ADDED from [com.google.firebase:firebase-analytics:11.0.4] AndroidManifest.xml:25:113-137
	android:name
		ADDED from [com.google.firebase:firebase-analytics:11.0.4] AndroidManifest.xml:25:17-89
receiver#com.google.android.gms.measurement.AppMeasurementInstallReferrerReceiver
ADDED from [com.google.firebase:firebase-analytics:11.0.4] AndroidManifest.xml:27:7-31:18
	android:enabled
		ADDED from [com.google.firebase:firebase-analytics:11.0.4] AndroidManifest.xml:27:162-184
	android:exported
		ADDED from [com.google.firebase:firebase-analytics:11.0.4] AndroidManifest.xml:27:185-208
	android:permission
		ADDED from [com.google.firebase:firebase-analytics:11.0.4] AndroidManifest.xml:27:105-161
	android:name
		ADDED from [com.google.firebase:firebase-analytics:11.0.4] AndroidManifest.xml:27:17-104
intent-filter#com.android.vending.INSTALL_REFERRER
ADDED from [com.google.firebase:firebase-analytics:11.0.4] AndroidManifest.xml:28:11-30:27
action#com.android.vending.INSTALL_REFERRER
ADDED from [com.google.firebase:firebase-analytics:11.0.4] AndroidManifest.xml:29:15-76
	android:name
		ADDED from [com.google.firebase:firebase-analytics:11.0.4] AndroidManifest.xml:29:23-74
service#com.google.android.gms.measurement.AppMeasurementService
ADDED from [com.google.firebase:firebase-analytics:11.0.4] AndroidManifest.xml:32:7-137
MERGED from [com.google.firebase:firebase-analytics-impl:11.0.4] AndroidManifest.xml:27:7-137
MERGED from [com.google.firebase:firebase-analytics-impl:11.0.4] AndroidManifest.xml:27:7-137
	android:enabled
		ADDED from [com.google.firebase:firebase-analytics:11.0.4] AndroidManifest.xml:32:88-110
	android:exported
		ADDED from [com.google.firebase:firebase-analytics:11.0.4] AndroidManifest.xml:32:111-135
	android:name
		ADDED from [com.google.firebase:firebase-analytics:11.0.4] AndroidManifest.xml:32:16-87
service#com.google.android.gms.measurement.AppMeasurementJobService
ADDED from [com.google.firebase:firebase-analytics:11.0.4] AndroidManifest.xml:33:7-197
	android:enabled
		ADDED from [com.google.firebase:firebase-analytics:11.0.4] AndroidManifest.xml:33:148-170
	android:exported
		ADDED from [com.google.firebase:firebase-analytics:11.0.4] AndroidManifest.xml:33:171-195
	android:permission
		ADDED from [com.google.firebase:firebase-analytics:11.0.4] AndroidManifest.xml:33:91-147
	android:name
		ADDED from [com.google.firebase:firebase-analytics:11.0.4] AndroidManifest.xml:33:16-90
uses-permission#com.google.android.c2dm.permission.RECEIVE
ADDED from [com.google.firebase:firebase-iid:11.0.4] AndroidManifest.xml:22:5-81
	android:name
		ADDED from [com.google.firebase:firebase-iid:11.0.4] AndroidManifest.xml:22:22-79
permission#${applicationId}.permission.C2D_MESSAGE
ADDED from [com.google.firebase:firebase-iid:11.0.4] AndroidManifest.xml:24:5-109
	android:protectionLevel
		ADDED from [com.google.firebase:firebase-iid:11.0.4] AndroidManifest.xml:24:72-107
	android:name
		ADDED from [com.google.firebase:firebase-iid:11.0.4] AndroidManifest.xml:24:17-71
permission#com.evanhoe.tango.permission.C2D_MESSAGE
ADDED from [com.google.firebase:firebase-iid:11.0.4] AndroidManifest.xml:24:5-109
	android:protectionLevel
		ADDED from [com.google.firebase:firebase-iid:11.0.4] AndroidManifest.xml:24:72-107
	android:name
		ADDED from [com.google.firebase:firebase-iid:11.0.4] AndroidManifest.xml:24:17-71
uses-permission#${applicationId}.permission.C2D_MESSAGE
ADDED from [com.google.firebase:firebase-iid:11.0.4] AndroidManifest.xml:26:5-78
	android:name
		ADDED from [com.google.firebase:firebase-iid:11.0.4] AndroidManifest.xml:26:22-76
uses-permission#com.evanhoe.tango.permission.C2D_MESSAGE
ADDED from [com.google.firebase:firebase-iid:11.0.4] AndroidManifest.xml:26:5-78
	android:name
		ADDED from [com.google.firebase:firebase-iid:11.0.4] AndroidManifest.xml:26:22-76
receiver#com.google.firebase.iid.FirebaseInstanceIdReceiver
ADDED from [com.google.firebase:firebase-iid:11.0.4] AndroidManifest.xml:30:9-35:20
	android:exported
		ADDED from [com.google.firebase:firebase-iid:11.0.4] AndroidManifest.xml:30:85-108
	android:permission
		ADDED from [com.google.firebase:firebase-iid:11.0.4] AndroidManifest.xml:30:109-169
	android:name
		ADDED from [com.google.firebase:firebase-iid:11.0.4] AndroidManifest.xml:30:19-84
intent-filter#${applicationId}+com.google.android.c2dm.intent.RECEIVE
ADDED from [com.google.firebase:firebase-iid:11.0.4] AndroidManifest.xml:31:13-34:29
intent-filter#com.evanhoe.tango+com.google.android.c2dm.intent.RECEIVE
ADDED from [com.google.firebase:firebase-iid:11.0.4] AndroidManifest.xml:31:13-34:29
action#com.google.android.c2dm.intent.RECEIVE
ADDED from [com.google.firebase:firebase-iid:11.0.4] AndroidManifest.xml:32:17-80
	android:name
		ADDED from [com.google.firebase:firebase-iid:11.0.4] AndroidManifest.xml:32:25-78
category#${applicationId}
ADDED from [com.google.firebase:firebase-iid:11.0.4] AndroidManifest.xml:33:17-60
	android:name
		ADDED from [com.google.firebase:firebase-iid:11.0.4] AndroidManifest.xml:33:27-58
category#com.evanhoe.tango
ADDED from [com.google.firebase:firebase-iid:11.0.4] AndroidManifest.xml:33:17-60
	android:name
		ADDED from [com.google.firebase:firebase-iid:11.0.4] AndroidManifest.xml:33:27-58
receiver#com.google.firebase.iid.FirebaseInstanceIdInternalReceiver
ADDED from [com.google.firebase:firebase-iid:11.0.4] AndroidManifest.xml:39:9-119
	android:exported
		ADDED from [com.google.firebase:firebase-iid:11.0.4] AndroidManifest.xml:39:93-117
	android:name
		ADDED from [com.google.firebase:firebase-iid:11.0.4] AndroidManifest.xml:39:19-92
service#com.google.firebase.iid.FirebaseInstanceIdService
ADDED from [com.google.firebase:firebase-iid:11.0.4] AndroidManifest.xml:43:9-47:19
	android:exported
		ADDED from [com.google.firebase:firebase-iid:11.0.4] AndroidManifest.xml:43:83-106
	android:name
		ADDED from [com.google.firebase:firebase-iid:11.0.4] AndroidManifest.xml:43:18-82
intent-filter#com.google.firebase.INSTANCE_ID_EVENT
ADDED from [com.google.firebase:firebase-iid:11.0.4] AndroidManifest.xml:44:13-46:29
	android:priority
		ADDED from [com.google.firebase:firebase-iid:11.0.4] AndroidManifest.xml:44:28-51
action#com.google.firebase.INSTANCE_ID_EVENT
ADDED from [com.google.firebase:firebase-iid:11.0.4] AndroidManifest.xml:45:17-79
	android:name
		ADDED from [com.google.firebase:firebase-iid:11.0.4] AndroidManifest.xml:45:25-77
provider#com.google.firebase.provider.FirebaseInitProvider
ADDED from [com.google.firebase:firebase-common:11.0.4] AndroidManifest.xml:6:9-194
	android:authorities
		ADDED from [com.google.firebase:firebase-common:11.0.4] AndroidManifest.xml:6:19-78
	android:exported
		ADDED from [com.google.firebase:firebase-common:11.0.4] AndroidManifest.xml:6:144-168
	android:initOrder
		ADDED from [com.google.firebase:firebase-common:11.0.4] AndroidManifest.xml:6:169-192
	android:name
		ADDED from [com.google.firebase:firebase-common:11.0.4] AndroidManifest.xml:6:79-143
meta-data#com.google.android.gms.version
ADDED from [com.google.android.gms:play-services-basement:11.0.4] AndroidManifest.xml:20:9-121
	android:value
		ADDED from [com.google.android.gms:play-services-basement:11.0.4] AndroidManifest.xml:20:66-119
	android:name
		ADDED from [com.google.android.gms:play-services-basement:11.0.4] AndroidManifest.xml:20:20-65